"C:/Users/Sarah/GameProjects/GlowBug_Pregen/GlowBug/GlowBug.uproject" 1
"../../../Engine/Plugins/2D/Paper2D/Paper2D.uplugin" 2
"../../../Engine/Plugins/Developer/BlankPlugin/BlankPlugin.uplugin" 3
"../../../Engine/Plugins/Developer/PerforceSourceControl/PerforceSourceControl.uplugin" 4
"../../../Engine/Plugins/Developer/SubversionSourceControl/SubversionSourceControl.uplugin" 5
"../../../Engine/Plugins/Developer/UObjectPlugin/UObjectPlugin.uplugin" 6
"../../../Engine/Plugins/Developer/VisualStudioSourceCodeAccess/VisualStudioSourceCodeAccess.uplugin" 7
"../../../Engine/Plugins/Developer/XCodeSourceCodeAccess/XCodeSourceCodeAccess.uplugin" 8
"../../../Engine/Plugins/Editor/EpicSurvey/EpicSurvey.uplugin" 9
"../../../Engine/Plugins/Editor/MacGraphicsSwitching/MacGraphicsSwitching.uplugin" 10
"../../../Engine/Plugins/Editor/PluginsEditor/PluginsEditor.uplugin" 11
"../../../Engine/Plugins/Editor/SpeedTreeImporter/SpeedTreeImporter.uplugin" 12
"../../../Engine/Plugins/Experimental/BlueprintStats/BlueprintStats.uplugin" 13
"../../../Engine/Plugins/Experimental/CharacterAI/CharacterAI.uplugin" 14
"../../../Engine/Plugins/Experimental/CodeView/CodeView.uplugin" 15
"../../../Engine/Plugins/Experimental/LiveEditor/LiveEditor.uplugin" 16
"../../../Engine/Plugins/Experimental/Phya/Phya.uplugin" 17
"../../../Engine/Plugins/Experimental/SteamVR/SteamVR.uplugin" 18
"../../../Engine/Plugins/Media/AvfMedia/AvfMedia.uplugin" 19
"../../../Engine/Plugins/Media/MediaPlayerEditor/MediaPlayerEditor.uplugin" 20
"../../../Engine/Plugins/Media/WmfMedia/WmfMedia.uplugin" 21
"../../../Engine/Plugins/Messaging/MessagingDebugger/MessagingDebugger.uplugin" 22
"../../../Engine/Plugins/Messaging/ShmMessaging/ShmMessaging.uplugin" 23
"../../../Engine/Plugins/Messaging/UdpMessaging/UdpMessaging.uplugin" 24
"../../../Engine/Plugins/Runtime/Advertising/IOSTapJoy/IOSTapJoy.uplugin" 25
"../../../Engine/Plugins/Runtime/Analytics/AnalyticsBlueprintLibrary/AnalyticsBlueprintLibrary.uplugin" 26
"../../../Engine/Plugins/Runtime/Analytics/Apsalar/IOSApsalar/IOSApsalar.uplugin" 27
"../../../Engine/Plugins/Runtime/Analytics/FileLogging/FileLogging.uplugin" 28
"../../../Engine/Plugins/Runtime/AndroidDeviceProfileSelector/AndroidDeviceProfileSelector.uplugin" 29
"../../../Engine/Plugins/Runtime/AppleMoviePlayer/AppleMoviePlayer.uplugin" 30
"../../../Engine/Plugins/Runtime/CableComponent/CableComponent.uplugin" 31
"../../../Engine/Plugins/Runtime/CustomMeshComponent/CustomMeshComponent.uplugin" 32
"../../../Engine/Plugins/Runtime/ExampleDeviceProfileSelector/ExampleDeviceProfileSelector.uplugin" 33
"../../../Engine/Plugins/Runtime/IOSDeviceProfileSelector/IOSDeviceProfileSelector.uplugin" 34
"../../../Engine/Plugins/Runtime/LiveEditorListenServer/LiveEditorListenServer.uplugin" 35
"../../../Engine/Plugins/Runtime/OculusRift/OculusRift.uplugin" 36
"../../../Engine/Plugins/Runtime/SoundMod/SoundMod.uplugin" 37
"../../../Engine/Plugins/Runtime/SoundVisualizations/SoundVisualizations.uplugin" 38
"../../../Engine/Plugins/Runtime/TwitchLiveStreaming/TwitchLiveStreaming.uplugin" 39
"../../../Engine/Plugins/Runtime/WindowsDeviceProfileSelector/WindowsDeviceProfileSelector.uplugin" 40
"../../../Engine/Plugins/Runtime/WindowsMoviePlayer/WindowsMoviePlayer.uplugin" 41
"../../../Engine/Plugins/ScriptGeneratorPlugin/ScriptGeneratorPlugin.uplugin" 42
"../../../Engine/Plugins/ScriptPlugin/ScriptPlugin.uplugin" 43
"../../../Engine/Plugins/Slate/SlateRemote/SlateRemote.uplugin" 44
"..\..\..\Engine\Content\Internationalization\icudt53l\cnvalias.icu" 45
"..\..\..\Engine\Content\Internationalization\icudt53l\en_US_POSIX.res" 46
"..\..\..\Engine\Content\Internationalization\icudt53l\pool.res" 47
"..\..\..\Engine\Content\Internationalization\icudt53l\en_US.res" 48
"..\..\..\Engine\Content\Internationalization\icudt53l\en.res" 49
"..\..\..\Engine\Content\Internationalization\icudt53l\root.res" 50
"..\..\..\Engine\Content\Internationalization\icudt53l\coll\ucadata.icu" 51
"..\..\..\Engine\Content\Internationalization\icudt53l\nfc.nrm" 52
"..\..\..\Engine\Content\Internationalization\icudt53l\coll\en_US_POSIX.res" 53
"..\..\..\Engine\Content\Internationalization\icudt53l\coll\en_US.res" 54
"..\..\..\Engine\Content\Internationalization\icudt53l\coll\en.res" 55
"..\..\..\Engine\Content\Internationalization\icudt53l\coll\root.res" 56
"..\..\..\Engine\Content\Internationalization\icudt53l\numberingSystems.res" 57
"..\..\..\Engine\Content\Internationalization\icudt53l\curr\supplementalData.res" 58
"..\..\..\Engine\Content\Internationalization\icudt53l\curr\pool.res" 59
"..\..\..\Engine\Content\Internationalization\icudt53l\curr\en.res" 60
"..\..\..\Engine\Content\Internationalization\icudt53l\curr\root.res" 61
"..\..\..\Engine\Content\Internationalization\icudt53l\de_DE.res" 62
"..\..\..\Engine\Content\Internationalization\icudt53l\de.res" 63
"..\..\..\Engine\Content\Internationalization\icudt53l\plurals.res" 64
"..\..\..\Engine\Content\Internationalization\icudt53l\windowsZones.res" 65
"..\..\..\Engine\Content\Internationalization\icudt53l\zoneinfo64.res" 66
"..\..\..\Engine\Content\Internationalization\icudt53l\keyTypeData.res" 67
"..\..\..\Engine\Content\Internationalization\icudt53l\timezoneTypes.res" 68
"..\..\..\Engine\Content\Internationalization\icudt53l\supplementalData.res" 69
"..\..\..\Engine\Content\Internationalization\icudt53l\likelySubtags.res" 70
"..\..\..\Engine\Content\Internationalization\icudt53l\coll\de.res" 71
"..\..\..\Engine\Content\Internationalization\icudt53l\curr\de.res" 72
"../../../Engine/Config/Base.ini" 73
"../../../Engine/Config/BaseEngine.ini" 74
"../../../../../../Users/Sarah/GameProjects/GlowBug_Pregen/GlowBug/Config/DefaultEngine.ini" 75
"../../../Engine/Config/Windows/WindowsEngine.ini" 76
"C:/Users/Sarah/GameProjects/GlowBug_Pregen/GlowBug/Saved/Config/Windows/Engine.ini" 77
"../../../../../../Users/Sarah/GameProjects/GlowBug_Pregen/GlowBug/Saved/Config/CleanSourceConfigs/Engine.ini" 78
"../../../Engine/Config/BaseGame.ini" 79
"../../../../../../Users/Sarah/GameProjects/GlowBug_Pregen/GlowBug/Config/DefaultGame.ini" 80
"C:/Users/Sarah/GameProjects/GlowBug_Pregen/GlowBug/Saved/Config/Windows/Game.ini" 81
"../../../../../../Users/Sarah/GameProjects/GlowBug_Pregen/GlowBug/Saved/Config/CleanSourceConfigs/Game.ini" 82
"../../../Engine/Config/BaseInput.ini" 83
"../../../../../../Users/Sarah/GameProjects/GlowBug_Pregen/GlowBug/Config/DefaultInput.ini" 84
"C:/Users/Sarah/GameProjects/GlowBug_Pregen/GlowBug/Saved/Config/Windows/Input.ini" 85
"../../../../../../Users/Sarah/GameProjects/GlowBug_Pregen/GlowBug/Saved/Config/CleanSourceConfigs/Input.ini" 86
"../../../Engine/Config/BaseEditor.ini" 87
"../../../../../../Users/Sarah/GameProjects/GlowBug_Pregen/GlowBug/Config/DefaultEditor.ini" 88
"C:/Users/Sarah/GameProjects/GlowBug_Pregen/GlowBug/Saved/Config/Windows/Editor.ini" 89
"../../../../../../Users/Sarah/GameProjects/GlowBug_Pregen/GlowBug/Saved/Config/CleanSourceConfigs/Editor.ini" 90
"../../../Engine/Config/BaseEditorLayout.ini" 91
"C:/Users/Sarah/GameProjects/GlowBug_Pregen/GlowBug/Saved/Config/Windows/EditorLayout.ini" 92
"../../../../../../Users/Sarah/GameProjects/GlowBug_Pregen/GlowBug/Saved/Config/CleanSourceConfigs/EditorLayout.ini" 93
"../../../Engine/Config/BaseEditorUserSettings.ini" 94
"C:/Users/Sarah/GameProjects/GlowBug_Pregen/GlowBug/Saved/Config/Windows/EditorUserSettings.ini" 95
"../../../../../../Users/Sarah/GameProjects/GlowBug_Pregen/GlowBug/Saved/Config/CleanSourceConfigs/EditorUserSettings.ini" 96
"../../../Engine/Config/BaseEditorKeyBindings.ini" 97
"C:/Users/Sarah/GameProjects/GlowBug_Pregen/GlowBug/Saved/Config/Windows/EditorKeyBindings.ini" 98
"../../../../../../Users/Sarah/GameProjects/GlowBug_Pregen/GlowBug/Saved/Config/CleanSourceConfigs/EditorKeyBindings.ini" 99
"../../../Engine/Config/BaseCompat.ini" 100
"C:/Users/Sarah/GameProjects/GlowBug_Pregen/GlowBug/Saved/Config/Windows/Compat.ini" 101
"../../../../../../Users/Sarah/GameProjects/GlowBug_Pregen/GlowBug/Saved/Config/CleanSourceConfigs/Compat.ini" 102
"../../../Engine/Config/BaseLightmass.ini" 103
"C:/Users/Sarah/GameProjects/GlowBug_Pregen/GlowBug/Saved/Config/Windows/Lightmass.ini" 104
"../../../../../../Users/Sarah/GameProjects/GlowBug_Pregen/GlowBug/Saved/Config/CleanSourceConfigs/Lightmass.ini" 105
"../../../Engine/Config/BaseScalability.ini" 106
"C:/Users/Sarah/GameProjects/GlowBug_Pregen/GlowBug/Saved/Config/Windows/Scalability.ini" 107
"../../../../../../Users/Sarah/GameProjects/GlowBug_Pregen/GlowBug/Saved/Config/CleanSourceConfigs/Scalability.ini" 108
"C:/Users/Sarah/GameProjects/GlowBug_Pregen/GlowBug/Saved/Config/Windows/GameUserSettings.ini" 109
"../../../../../../Users/Sarah/GameProjects/GlowBug_Pregen/GlowBug/Saved/Config/CleanSourceConfigs/GameUserSettings.ini" 110
"../../../Engine/Config/BaseDeviceProfiles.ini" 111
"C:/Users/Sarah/GameProjects/GlowBug_Pregen/GlowBug/Saved/Config/Windows/DeviceProfiles.ini" 112
"../../../../../../Users/Sarah/GameProjects/GlowBug_Pregen/GlowBug/Saved/Config/CleanSourceConfigs/DeviceProfiles.ini" 113
"../../../Engine/Config/ConsoleVariables.ini" 114
"..\..\..\Engine\Content\Internationalization\icudt53l\es.res" 115
"..\..\..\Engine\Content\Internationalization\icudt53l\coll\es.res" 116
"..\..\..\Engine\Content\Internationalization\icudt53l\curr\es.res" 117
"..\..\..\Engine\Content\Internationalization\icudt53l\es_ES.res" 118
"..\..\..\Engine\Content\Internationalization\icudt53l\ja.res" 119
"..\..\..\Engine\Content\Internationalization\icudt53l\coll\ja.res" 120
"..\..\..\Engine\Content\Internationalization\icudt53l\curr\ja.res" 121
"..\..\..\Engine\Content\Internationalization\icudt53l\ja_JP.res" 122
"..\..\..\Engine\Content\Internationalization\icudt53l\ko.res" 123
"..\..\..\Engine\Content\Internationalization\icudt53l\coll\ko.res" 124
"..\..\..\Engine\Content\Internationalization\icudt53l\curr\ko.res" 125
"..\..\..\Engine\Content\Internationalization\icudt53l\ko_KR.res" 126
"..\..\..\Engine\Content\Internationalization\icudt53l\pt_BR.res" 127
"..\..\..\Engine\Content\Internationalization\icudt53l\pt.res" 128
"..\..\..\Engine\Content\Internationalization\icudt53l\coll\pt.res" 129
"..\..\..\Engine\Content\Internationalization\icudt53l\curr\pt.res" 130
"..\..\..\Engine\Content\Internationalization\icudt53l\zh_CN.res" 131
"..\..\..\Engine\Content\Internationalization\icudt53l\zh_Hans_CN.res" 132
"..\..\..\Engine\Content\Internationalization\icudt53l\zh_Hans.res" 133
"..\..\..\Engine\Content\Internationalization\icudt53l\zh.res" 134
"..\..\..\Engine\Content\Internationalization\icudt53l\coll\zh_CN.res" 135
"..\..\..\Engine\Content\Internationalization\icudt53l\coll\zh_Hans_CN.res" 136
"..\..\..\Engine\Content\Internationalization\icudt53l\coll\zh_Hans.res" 137
"..\..\..\Engine\Content\Internationalization\icudt53l\coll\zh.res" 138
"..\..\..\Engine\Content\Internationalization\icudt53l\curr\zh_CN.res" 139
"..\..\..\Engine\Content\Internationalization\icudt53l\curr\zh_Hans_CN.res" 140
"..\..\..\Engine\Content\Internationalization\icudt53l\curr\zh_Hans.res" 141
"..\..\..\Engine\Content\Internationalization\icudt53l\curr\zh.res" 142
"C:/Program Files/Epic Games/4.6/Engine/Content/Localization/Engine/en/Engine.locres" 143
"C:/Program Files/Epic Games/4.6/Engine/Content/Localization/Editor/en/Editor.locres" 144
"C:/Program Files/Epic Games/4.6/Engine/Content/Localization/EditorTutorials/en/EditorTutorials.locres" 145
"../../../Engine/Content/Slate/Fonts/Roboto-Regular.ttf" 146
"../../../Engine/Content/Slate/Fonts/Roboto-Bold.ttf" 147
"../../../Engine/Content/Slate/Fonts/Roboto-Light.ttf" 148
"../../../Engine/Content/Slate/Fonts/DroidSansMono.ttf" 149
"C:/Program Files/Epic Games/4.6/Engine/Binaries/Win64/../../../Engine/Shaders/ParticleSpriteVertexFactory.usf" 150
"C:/Program Files/Epic Games/4.6/Engine/Binaries/Win64/../../../Engine/Shaders/VertexFactoryCommon.usf" 151
"C:/Program Files/Epic Games/4.6/Engine/Binaries/Win64/../../../Engine/Shaders/Common.usf" 152
"C:/Program Files/Epic Games/4.6/Engine/Binaries/Win64/../../../Engine/Shaders/ShaderVersion.usf" 153
"C:/Program Files/Epic Games/4.6/Engine/Binaries/Win64/../../../Engine/Shaders/Definitions.usf" 154
"C:/Program Files/Epic Games/4.6/Engine/Binaries/Win64/../../../Engine/Shaders/Random.usf" 155
"C:/Program Files/Epic Games/4.6/Engine/Binaries/Win64/../../../Engine/Shaders/ParticleVertexFactoryCommon.usf" 156
"C:/Program Files/Epic Games/4.6/Engine/Binaries/Win64/../../../Engine/Shaders/ParticleGPUSpriteVertexFactory.usf" 157
"C:/Program Files/Epic Games/4.6/Engine/Binaries/Win64/../../../Engine/Shaders/ParticleBeamTrailVertexFactory.usf" 158
"C:/Program Files/Epic Games/4.6/Engine/Binaries/Win64/../../../Engine/Shaders/VectorFieldVisualizationVertexFactory.usf" 159
"C:/Program Files/Epic Games/4.6/Engine/Binaries/Win64/../../../Engine/Shaders/LocalVertexFactory.usf" 160
"C:/Program Files/Epic Games/4.6/Engine/Binaries/Win64/../../../Engine/Shaders/LocalVertexFactoryCommon.usf" 161
"C:/Program Files/Epic Games/4.6/Engine/Binaries/Win64/../../../Engine/Shaders/MeshParticleVertexFactory.usf" 162
"C:/Program Files/Epic Games/4.6/Engine/Binaries/Win64/../../../Engine/Shaders/GpuSkinVertexFactory.usf" 163
"C:/Program Files/Epic Games/4.6/Engine/Binaries/Win64/../../../Engine/Shaders/GpuSkinCacheCommon.usf" 164
"C:/Program Files/Epic Games/4.6/Engine/Binaries/Win64/../../../Engine/Shaders/LandscapeVertexFactory.usf" 165
"C:/Program Files/Epic Games/4.6/Engine/Binaries/Win64/../../../Engine/Shaders/SlateElementPixelShader.usf" 166
"C:/Program Files/Epic Games/4.6/Engine/Binaries/Win64/../../../Engine/Shaders/MaterialTemplate.usf" 167
"C:/Program Files/Epic Games/4.6/Engine/Binaries/Win64/../../../Engine/Shaders/DepthOfFieldCommon.usf" 168
"C:/Program Files/Epic Games/4.6/Engine/Binaries/Win64/../../../Engine/Shaders/SpeedTreeCommon.usf" 169
"C:/Program Files/Epic Games/4.6/Engine/Binaries/Win64/../../../Engine/Shaders/AtmosphereCommon.usf" 170
"C:/Program Files/Epic Games/4.6/Engine/Binaries/Win64/../../../Engine/Shaders/PostProcessCommon.usf" 171
"C:/Program Files/Epic Games/4.6/Engine/Binaries/Win64/../../../Engine/Shaders/DeferredShadingCommon.usf" 172
"C:/Program Files/Epic Games/4.6/Engine/Binaries/Win64/../../../Engine/Shaders/LightAccumulator.usf" 173
"C:/Program Files/Epic Games/4.6/Engine/Binaries/Win64/../../../Engine/Shaders/SlateVertexShader.usf" 174
"C:/Program Files/Epic Games/4.6/Engine/Binaries/Win64/../../../Engine/Shaders/OneColorShader.usf" 175
"C:/Program Files/Epic Games/4.6/Engine/Binaries/Win64/../../../Engine/Shaders/ResolveVertexShader.usf" 176
"C:/Program Files/Epic Games/4.6/Engine/Binaries/Win64/../../../Engine/Shaders/ResolvePixelShader.usf" 177
"C:/Program Files/Epic Games/4.6/Engine/Binaries/Win64/../../../Engine/Shaders/VisualizeTexture.usf" 178
"C:/Program Files/Epic Games/4.6/Engine/Binaries/Win64/../../../Engine/Shaders/ScreenSpaceReflections.usf" 179
"C:/Program Files/Epic Games/4.6/Engine/Binaries/Win64/../../../Engine/Shaders/BRDF.usf" 180
"C:/Program Files/Epic Games/4.6/Engine/Binaries/Win64/../../../Engine/Shaders/MonteCarlo.usf" 181
"C:/Program Files/Epic Games/4.6/Engine/Binaries/Win64/../../../Engine/Shaders/FilterVertexShader.usf" 182
"C:/Program Files/Epic Games/4.6/Engine/Binaries/Win64/../../../Engine/Shaders/FilterPixelShader.usf" 183
"C:/Program Files/Epic Games/4.6/Engine/Binaries/Win64/../../../Engine/Shaders/PostProcessVisualizeHDR.usf" 184
"C:/Program Files/Epic Games/4.6/Engine/Binaries/Win64/../../../Engine/Shaders/PostProcessHistogramCommon.usf" 185
"C:/Program Files/Epic Games/4.6/Engine/Binaries/Win64/../../../Engine/Shaders/TonemapCommon.usf" 186
"C:/Program Files/Epic Games/4.6/Engine/Binaries/Win64/../../../Engine/Shaders/MiniFontCommon.usf" 187
"C:/Program Files/Epic Games/4.6/Engine/Binaries/Win64/../../../Engine/Shaders/PostProcessVisualizeBuffer.usf" 188
"C:/Program Files/Epic Games/4.6/Engine/Binaries/Win64/../../../Engine/Shaders/PostProcessUpscale.usf" 189
"C:/Program Files/Epic Games/4.6/Engine/Binaries/Win64/../../../Engine/Shaders/PostProcessTonemap.usf" 190
"C:/Program Files/Epic Games/4.6/Engine/Binaries/Win64/../../../Engine/Shaders/PostProcessTestImage.usf" 191
"C:/Program Files/Epic Games/4.6/Engine/Binaries/Win64/../../../Engine/Shaders/PostProcessTemporalAA.usf" 192
"C:/Program Files/Epic Games/4.6/Engine/Binaries/Win64/../../../Engine/Shaders/PostProcessTemporalCommon.usf" 193
"C:/Program Files/Epic Games/4.6/Engine/Binaries/Win64/../../../Engine/Shaders/PostProcessSubsurface.usf" 194
"C:/Program Files/Epic Games/4.6/Engine/Binaries/Win64/../../../Engine/Shaders/SeparableSSS.usf" 195
"C:/Program Files/Epic Games/4.6/Engine/Binaries/Win64/../../../Engine/Shaders/PostProcessSelectionOutline.usf" 196
"C:/Program Files/Epic Games/4.6/Engine/Binaries/Win64/../../../Engine/Shaders/PostProcessSceneColorFringe.usf" 197
"C:/Program Files/Epic Games/4.6/Engine/Binaries/Win64/../../../Engine/Shaders/PostProcessNoiseBlur.usf" 198
"C:/Program Files/Epic Games/4.6/Engine/Binaries/Win64/../../../Engine/Shaders/PostProcessMotionBlur.usf" 199
"C:/Program Files/Epic Games/4.6/Engine/Binaries/Win64/../../../Engine/Shaders/MorpheusInclude.usf" 200
"C:/Program Files/Epic Games/4.6/Engine/Binaries/Win64/../../../Engine/Shaders/PostProcessMobile.usf" 201
"C:/Program Files/Epic Games/4.6/Engine/Binaries/Win64/../../../Engine/Shaders/PostProcessMaterialShaders.usf" 202
"C:/Program Files/Epic Games/4.6/Engine/Binaries/Win64/../../../Engine/Shaders/PostProcessLensFlares.usf" 203
"C:/Program Files/Epic Games/4.6/Engine/Binaries/Win64/../../../Engine/Shaders/PostProcessLensBlur.usf" 204
"C:/Program Files/Epic Games/4.6/Engine/Binaries/Win64/../../../Engine/Shaders/PostProcessBloom.usf" 205
"C:/Program Files/Epic Games/4.6/Engine/Binaries/Win64/../../../Engine/Shaders/PostProcessHMD.usf" 206
"C:/Program Files/Epic Games/4.6/Engine/Binaries/Win64/../../../Engine/Shaders/PostProcessHistogramReduce.usf" 207
"C:/Program Files/Epic Games/4.6/Engine/Binaries/Win64/../../../Engine/Shaders/PostProcessHistogram.usf" 208
"C:/Program Files/Epic Games/4.6/Engine/Binaries/Win64/../../../Engine/Shaders/PostProcessGBufferHints.usf" 209
"C:/Program Files/Epic Games/4.6/Engine/Binaries/Win64/../../../Engine/Shaders/PostProcessEyeAdaptation.usf" 210
"C:/Program Files/Epic Games/4.6/Engine/Binaries/Win64/../../../Engine/Shaders/PostProcessDownsample.usf" 211
"C:/Program Files/Epic Games/4.6/Engine/Binaries/Win64/../../../Engine/Shaders/PostProcessDOF.usf" 212
"C:/Program Files/Epic Games/4.6/Engine/Binaries/Win64/../../../Engine/Shaders/PostProcessCompositeEditorPrimitives.usf" 213
"C:/Program Files/Epic Games/4.6/Engine/Binaries/Win64/../../../Engine/Shaders/PostProcessCombineLUTs.usf" 214
"C:/Program Files/Epic Games/4.6/Engine/Binaries/Win64/../../../Engine/Shaders/PostProcessBusyWait.usf" 215
"C:/Program Files/Epic Games/4.6/Engine/Binaries/Win64/../../../Engine/Shaders/PostProcessBokehDOF.usf" 216
"C:/Program Files/Epic Games/4.6/Engine/Binaries/Win64/../../../Engine/Shaders/FXAAShader.usf" 217
"C:/Program Files/Epic Games/4.6/Engine/Binaries/Win64/../../../Engine/Shaders/Fxaa3_11.usf" 218
"C:/Program Files/Epic Games/4.6/Engine/Binaries/Win64/../../../Engine/Shaders/PostProcessPassThrough.usf" 219
"C:/Program Files/Epic Games/4.6/Engine/Binaries/Win64/../../../Engine/Shaders/PostProcessLpvIndirect.usf" 220
"C:/Program Files/Epic Games/4.6/Engine/Binaries/Win64/../../../Engine/Shaders/DeferredLightingCommon.usf" 221
"C:/Program Files/Epic Games/4.6/Engine/Binaries/Win64/../../../Engine/Shaders/DynamicLightingCommon.usf" 222
"C:/Program Files/Epic Games/4.6/Engine/Binaries/Win64/../../../Engine/Shaders/IESLightProfilesCommon.usf" 223
"C:/Program Files/Epic Games/4.6/Engine/Binaries/Win64/../../../Engine/Shaders/LPVFinalPass.usf" 224
"C:/Program Files/Epic Games/4.6/Engine/Binaries/Win64/../../../Engine/Shaders/LPVCommon.usf" 225
"C:/Program Files/Epic Games/4.6/Engine/Binaries/Win64/../../../Engine/Shaders/DeferredDecal.usf" 226
"C:/Program Files/Epic Games/4.6/Engine/Binaries/Win64/../../../Engine/Shaders/PostProcessAmbientOcclusion.usf" 227
"C:/Program Files/Epic Games/4.6/Engine/Binaries/Win64/../../../Engine/Shaders/PostProcessAmbient.usf" 228
"C:/Program Files/Epic Games/4.6/Engine/Binaries/Win64/../../../Engine/Shaders/CubemapCommon.usf" 229
"C:/Program Files/Epic Games/4.6/Engine/Binaries/Win64/../../../Engine/Shaders/VelocityShader.usf" 230
"C:/Program Files/Epic Games/4.6/Engine/Binaries/Win64/../../../Engine/Shaders/Tessellation.usf" 231
"C:/Program Files/Epic Games/4.6/Engine/Binaries/Win64/../../../Engine/Shaders/FlatTessellation.usf" 232
"C:/Program Files/Epic Games/4.6/Engine/Binaries/Win64/../../../Engine/Shaders/PNTriangles.usf" 233
"C:/Program Files/Epic Games/4.6/Engine/Binaries/Win64/../../../Engine/Shaders/TranslucentLightingShaders.usf" 234
"C:/Program Files/Epic Games/4.6/Engine/Binaries/Win64/../../../Engine/Shaders/SHCommon.usf" 235
"C:/Program Files/Epic Games/4.6/Engine/Binaries/Win64/../../../Engine/Shaders/ShadowProjectionCommon.usf" 236
"C:/Program Files/Epic Games/4.6/Engine/Binaries/Win64/../../../Engine/Shaders/TranslucentLightInjectionShaders.usf" 237
"C:/Program Files/Epic Games/4.6/Engine/Binaries/Win64/../../../Engine/Shaders/LightFunctionCommon.usf" 238
"C:/Program Files/Epic Games/4.6/Engine/Binaries/Win64/../../../Engine/Shaders/TranslucentShadowDepthShaders.usf" 239
"C:/Program Files/Epic Games/4.6/Engine/Binaries/Win64/../../../Engine/Shaders/ShadowDepthCommon.usf" 240
"C:/Program Files/Epic Games/4.6/Engine/Binaries/Win64/../../../Engine/Shaders/TiledDeferredLightShaders.usf" 241
"C:/Program Files/Epic Games/4.6/Engine/Binaries/Win64/../../../Engine/Shaders/ShadowProjectionPixelShader.usf" 242
"C:/Program Files/Epic Games/4.6/Engine/Binaries/Win64/../../../Engine/Shaders/ShadowFilteringCommon.usf" 243
"C:/Program Files/Epic Games/4.6/Engine/Binaries/Win64/../../../Engine/Shaders/ShadowProjectionVertexShader.usf" 244
"C:/Program Files/Epic Games/4.6/Engine/Binaries/Win64/../../../Engine/Shaders/ShadowDepthPixelShader.usf" 245
"C:/Program Files/Epic Games/4.6/Engine/Binaries/Win64/../../../Engine/Shaders/LPVWriteVplCommon.usf" 246
"C:/Program Files/Epic Games/4.6/Engine/Binaries/Win64/../../../Engine/Shaders/LPVWriteCommon.usf" 247
"C:/Program Files/Epic Games/4.6/Engine/Binaries/Win64/../../../Engine/Shaders/ShadowDepthVertexShader.usf" 248
"C:/Program Files/Epic Games/4.6/Engine/Binaries/Win64/../../../Engine/Shaders/ShaderComplexityApplyPixelShader.usf" 249
"C:/Program Files/Epic Games/4.6/Engine/Binaries/Win64/../../../Engine/Shaders/ShaderComplexityApplyVertexShader.usf" 250
"C:/Program Files/Epic Games/4.6/Engine/Binaries/Win64/../../../Engine/Shaders/ShaderComplexityAccumulatePixelShader.usf" 251
"C:/Program Files/Epic Games/4.6/Engine/Binaries/Win64/../../../Engine/Shaders/HZBOcclusion.usf" 252
"C:/Program Files/Epic Games/4.6/Engine/Binaries/Win64/../../../Engine/Shaders/OcclusionQueryVertexShader.usf" 253
"C:/Program Files/Epic Games/4.6/Engine/Binaries/Win64/../../../Engine/Shaders/HitProxyPixelShader.usf" 254
"C:/Program Files/Epic Games/4.6/Engine/Binaries/Win64/../../../Engine/Shaders/HitProxyVertexShader.usf" 255
"C:/Program Files/Epic Games/4.6/Engine/Binaries/Win64/../../../Engine/Shaders/ReflectionEnvironmentShaders.usf" 256
"C:/Program Files/Epic Games/4.6/Engine/Binaries/Win64/../../../Engine/Shaders/ReflectionEnvironmentShared.usf" 257
"C:/Program Files/Epic Games/4.6/Engine/Binaries/Win64/../../../Engine/Shaders/SkyLightingShared.usf" 258
"C:/Program Files/Epic Games/4.6/Engine/Binaries/Win64/../../../Engine/Shaders/ReflectionEnvironmentComputeShaders.usf" 259
"C:/Program Files/Epic Games/4.6/Engine/Binaries/Win64/../../../Engine/Shaders/LightShaftShader.usf" 260
"C:/Program Files/Epic Games/4.6/Engine/Binaries/Win64/../../../Engine/Shaders/StationaryLightOverlapShaders.usf" 261
"C:/Program Files/Epic Games/4.6/Engine/Binaries/Win64/../../../Engine/Shaders/DeferredLightPixelShaders.usf" 262
"C:/Program Files/Epic Games/4.6/Engine/Binaries/Win64/../../../Engine/Shaders/DeferredLightVertexShaders.usf" 263
"C:/Program Files/Epic Games/4.6/Engine/Binaries/Win64/../../../Engine/Shaders/LPVVisualise.usf" 264
"C:/Program Files/Epic Games/4.6/Engine/Binaries/Win64/../../../Engine/Shaders/LPVGeometryVolumeCommon.usf" 265
"C:/Program Files/Epic Games/4.6/Engine/Binaries/Win64/../../../Engine/Shaders/LPVDirectLightInject.usf" 266
"C:/Program Files/Epic Games/4.6/Engine/Binaries/Win64/../../../Engine/Shaders/LPVPropagate.usf" 267
"C:/Program Files/Epic Games/4.6/Engine/Binaries/Win64/../../../Engine/Shaders/LPVBuildGeometryVolume.usf" 268
"C:/Program Files/Epic Games/4.6/Engine/Binaries/Win64/../../../Engine/Shaders/LPVInject_AccumulateVplLists.usf" 269
"C:/Program Files/Epic Games/4.6/Engine/Binaries/Win64/../../../Engine/Shaders/LPVInject_GenerateVplLists.usf" 270
"C:/Program Files/Epic Games/4.6/Engine/Binaries/Win64/../../../Engine/Shaders/LPVClearLists.usf" 271
"C:/Program Files/Epic Games/4.6/Engine/Binaries/Win64/../../../Engine/Shaders/LPVClear.usf" 272
"C:/Program Files/Epic Games/4.6/Engine/Binaries/Win64/../../../Engine/Shaders/LightMapDensityShader.usf" 273
"C:/Program Files/Epic Games/4.6/Engine/Binaries/Win64/../../../Engine/Shaders/LightFunctionPixelShader.usf" 274
"C:/Program Files/Epic Games/4.6/Engine/Binaries/Win64/../../../Engine/Shaders/LightFunctionVertexShader.usf" 275
"C:/Program Files/Epic Games/4.6/Engine/Binaries/Win64/../../../Engine/Shaders/HdrCustomResolveShaders.usf" 276
"C:/Program Files/Epic Games/4.6/Engine/Binaries/Win64/../../../Engine/Shaders/GPUBenchmark.usf" 277
"C:/Program Files/Epic Games/4.6/Engine/Binaries/Win64/../../../Engine/Shaders/GammaCorrection.usf" 278
"C:/Program Files/Epic Games/4.6/Engine/Binaries/Win64/../../../Engine/Shaders/BasePassForForwardShadingPixelShader.usf" 279
"C:/Program Files/Epic Games/4.6/Engine/Binaries/Win64/../../../Engine/Shaders/BasePassForForwardShadingCommon.usf" 280
"C:/Program Files/Epic Games/4.6/Engine/Binaries/Win64/../../../Engine/Shaders/LightmapCommon.usf" 281
"C:/Program Files/Epic Games/4.6/Engine/Binaries/Win64/../../../Engine/Shaders/BasePassForForwardShadingVertexShader.usf" 282
"C:/Program Files/Epic Games/4.6/Engine/Binaries/Win64/../../../Engine/Shaders/HeightFogCommon.usf" 283
"C:/Program Files/Epic Games/4.6/Engine/Binaries/Win64/../../../Engine/Shaders/HeightFogPixelShader.usf" 284
"C:/Program Files/Epic Games/4.6/Engine/Binaries/Win64/../../../Engine/Shaders/HeightFogVertexShader.usf" 285
"C:/Program Files/Epic Games/4.6/Engine/Binaries/Win64/../../../Engine/Shaders/DistortAccumulatePS.usf" 286
"C:/Program Files/Epic Games/4.6/Engine/Binaries/Win64/../../../Engine/Shaders/DistortAccumulateVS.usf" 287
"C:/Program Files/Epic Games/4.6/Engine/Binaries/Win64/../../../Engine/Shaders/DistortApplyScreenPS.usf" 288
"C:/Program Files/Epic Games/4.6/Engine/Binaries/Win64/../../../Engine/Shaders/SkyLighting.usf" 289
"C:/Program Files/Epic Games/4.6/Engine/Binaries/Win64/../../../Engine/Shaders/DistanceFieldSurfaceCacheLighting.usf" 290
"C:/Program Files/Epic Games/4.6/Engine/Binaries/Win64/../../../Engine/Shaders/DistanceFieldLightingShared.usf" 291
"C:/Program Files/Epic Games/4.6/Engine/Binaries/Win64/../../../Engine/Shaders/DistanceFieldAOShared.usf" 292
"C:/Program Files/Epic Games/4.6/Engine/Binaries/Win64/../../../Engine/Shaders/DistanceFieldSurfaceCacheLightingCompute.usf" 293
"C:/Program Files/Epic Games/4.6/Engine/Binaries/Win64/../../../Engine/Shaders/DistanceFieldShadowing.usf" 294
"C:/Program Files/Epic Games/4.6/Engine/Binaries/Win64/../../../Engine/Shaders/DepthOnlyPixelShader.usf" 295
"C:/Program Files/Epic Games/4.6/Engine/Binaries/Win64/../../../Engine/Shaders/DepthOnlyVertexShader.usf" 296
"C:/Program Files/Epic Games/4.6/Engine/Binaries/Win64/../../../Engine/Shaders/PositionOnlyDepthVertexShader.usf" 297
"C:/Program Files/Epic Games/4.6/Engine/Binaries/Win64/../../../Engine/Shaders/DownsampleDepthPixelShader.usf" 298
"C:/Program Files/Epic Games/4.6/Engine/Binaries/Win64/../../../Engine/Shaders/BasePassPixelShader.usf" 299
"C:/Program Files/Epic Games/4.6/Engine/Binaries/Win64/../../../Engine/Shaders/BasePassCommon.usf" 300
"C:/Program Files/Epic Games/4.6/Engine/Binaries/Win64/../../../Engine/Shaders/BasePassVertexShader.usf" 301
"C:/Program Files/Epic Games/4.6/Engine/Binaries/Win64/../../../Engine/Shaders/BasePassVertexCommon.usf" 302
"C:/Program Files/Epic Games/4.6/Engine/Binaries/Win64/../../../Engine/Shaders/BasePassTessellationShaders.usf" 303
"C:/Program Files/Epic Games/4.6/Engine/Binaries/Win64/../../../Engine/Shaders/AtmospherePrecompute.usf" 304
"C:/Program Files/Epic Games/4.6/Engine/Binaries/Win64/../../../Engine/Shaders/AtmospherePrecomputeCommon.usf" 305
"C:/Program Files/Epic Games/4.6/Engine/Binaries/Win64/../../../Engine/Shaders/AtmospherePrecomputeInscatter.usf" 306
"C:/Program Files/Epic Games/4.6/Engine/Binaries/Win64/../../../Engine/Shaders/AtmosphericFogShader.usf" 307
"C:/Program Files/Epic Games/4.6/Engine/Binaries/Win64/../../../Engine/Shaders/ParticleSortKeyGen.usf" 308
"C:/Program Files/Epic Games/4.6/Engine/Binaries/Win64/../../../Engine/Shaders/ParticleBoundsShader.usf" 309
"C:/Program Files/Epic Games/4.6/Engine/Binaries/Win64/../../../Engine/Shaders/ParticleSimVisualizeShader.usf" 310
"C:/Program Files/Epic Games/4.6/Engine/Binaries/Win64/../../../Engine/Shaders/ParticleInjectionShader.usf" 311
"C:/Program Files/Epic Games/4.6/Engine/Binaries/Win64/../../../Engine/Shaders/ParticleSimulationShader.usf" 312
"C:/Program Files/Epic Games/4.6/Engine/Binaries/Win64/../../../Engine/Shaders/ParticleCurveInjectionShader.usf" 313
"C:/Program Files/Epic Games/4.6/Engine/Binaries/Win64/../../../Engine/Shaders/VectorFieldCompositeShaders.usf" 314
"C:/Program Files/Epic Games/4.6/Engine/Binaries/Win64/../../../Engine/Shaders/UpdateTextureShaders.usf" 315
"C:/Program Files/Epic Games/4.6/Engine/Binaries/Win64/../../../Engine/Shaders/SimpleElementColorChannelMaskPixelShader.usf" 316
"C:/Program Files/Epic Games/4.6/Engine/Binaries/Win64/../../../Engine/Shaders/SimpleElementHitProxyPixelShader.usf" 317
"C:/Program Files/Epic Games/4.6/Engine/Binaries/Win64/../../../Engine/Shaders/SimpleElementPixelShader.usf" 318
"C:/Program Files/Epic Games/4.6/Engine/Binaries/Win64/../../../Engine/Shaders/ColorUtils.usf" 319
"C:/Program Files/Epic Games/4.6/Engine/Binaries/Win64/../../../Engine/Shaders/SimpleElementVertexShader.usf" 320
"C:/Program Files/Epic Games/4.6/Engine/Binaries/Win64/../../../Engine/Shaders/ScreenVertexShader.usf" 321
"C:/Program Files/Epic Games/4.6/Engine/Binaries/Win64/../../../Engine/Shaders/ScreenPixelShader.usf" 322
"C:/Program Files/Epic Games/4.6/Engine/Binaries/Win64/../../../Engine/Shaders/RadixSortShaders.usf" 323
"C:/Program Files/Epic Games/4.6/Engine/Binaries/Win64/../../../Engine/Shaders/GpuSkinCacheComputeShader.usf" 324
"C:/Program Files/Epic Games/4.6/Engine/Binaries/Win64/../../../Engine/Shaders/NullPixelShader.usf" 325
"C:/Program Files/Epic Games/4.6/Engine/Binaries/Win64/../../../Engine/Shaders/ClearReplacementShaders.usf" 326
"C:/Program Files/Epic Games/4.6/Engine/Binaries/Win64/../../../Engine/Shaders/SimpleElementTexture2DPreviewPixelShader.usf" 327
"C:/Program Files/Epic Games/4.6/Engine/Binaries/Win64/../../../Engine/Shaders/SimpleElementNormalMapPixelShader.usf" 328
"C:/Program Files/Epic Games/4.6/Engine/Binaries/Win64/../../../Engine/Shaders/meshpaintdilatepixelshader.usf" 329
"C:/Program Files/Epic Games/4.6/Engine/Binaries/Win64/../../../Engine/Shaders/meshpaintdilatevertexshader.usf" 330
"C:/Program Files/Epic Games/4.6/Engine/Binaries/Win64/../../../Engine/Shaders/MeshPaintPixelShader.usf" 331
"C:/Program Files/Epic Games/4.6/Engine/Binaries/Win64/../../../Engine/Shaders/MeshPaintVertexShader.usf" 332
"../../../Engine/Config/Android/AndroidEngine.ini" 333
"../../../Engine/Config/IOS/IOSEngine.ini" 334
"../../../Engine/Config/Linux/LinuxEngine.ini" 335
"C:/Users/Sarah/AppData/Local/UnrealEngine/4.6/DerivedDataCache/Boot.ddc" 336
"../../../Engine/DerivedDataCache/DDC.ddp" 337
"../../../Engine/Content/EditorResources/S_Actor.uasset" 338
"../../../Engine/Content/EditorLandscapeResources/DataLayer.uasset" 339
"../../../Engine/Content/Maps/Templates/Thumbnails/Default.uasset" 340
"../../../Engine/Content/EditorMaterials/ParticleSystems/PSysThumbnail_NoImage.uasset" 341
"../../../Engine/Content/EditorMaterials/ParticleSystems/PSysThumbnail_OOD.uasset" 342
"../../../Engine/Content/EngineDamageTypes/DmgTypeBP_Environmental.uasset" 343
"../../../Engine/Content/EngineMeshes/Sphere.uasset" 344
"../../../Engine/Content/EngineFonts/RobotoDistanceField.uasset" 345
"../../../Engine/Content/EngineMaterials/DefaultTextMaterialOpaque.uasset" 346
"../../../Engine/Content/Functions/Engine_MaterialFunctions01/Shading/PowerToRoughness.uasset" 347
"../../../Engine/Content/Functions/Engine_MaterialFunctions01/Shading/ConvertFromDiffSpec.uasset" 348
"../../../Engine/Content/EngineMaterials/WorldGridMaterial.uasset" 349
"../../../Engine/Content/Functions/Engine_MaterialFunctions01/Opacity/CameraDepthFade.uasset" 350
"../../../Engine/Content/EngineMaterials/T_Default_Material_Grid_M.uasset" 351
"../../../Engine/Content/EngineMaterials/T_Default_Material_Grid_N.uasset" 352
"../../../Engine/Content/EngineMaterials/DefaultDeferredDecalMaterial.uasset" 353
"../../../Engine/Content/EngineMaterials/DefaultDiffuse.uasset" 354
"../../../Engine/Content/EngineMaterials/DefaultLightFunctionMaterial.uasset" 355
"../../../Engine/Content/EngineMaterials/DefaultPostProcessMaterial.uasset" 356
"../../../Engine/Content/Functions/Engine_MaterialFunctions02/Utility/BreakOutFloat2Components.uasset" 357
"../../../Engine/Content/EditorResources/S_Trigger.uasset" 358
"../../../Engine/Content/EngineResources/WhiteSquareTexture.uasset" 359
"../../../Engine/Content/EngineResources/GradientTexture0.uasset" 360
"../../../Engine/Content/EngineResources/Black.uasset" 361
"../../../Engine/Content/EditorMaterials/MatineeGroups/MAT_Groups_Float.uasset" 362
"../../../Engine/Content/EditorMaterials/MatineeGroups/MAT_Groups_Director.uasset" 363
"../../../Engine/Content/EditorMaterials/MatineeGroups/MAT_Groups_Event.uasset" 364
"../../../Engine/Content/EditorMaterials/MatineeGroups/MAT_Groups_Anim.uasset" 365
"../../../Engine/Content/EditorMaterials/MatineeGroups/MAT_Groups_Fade.uasset" 366
"../../../Engine/Content/EditorMaterials/MatineeGroups/MAT_Groups_Move.uasset" 367
"../../../Engine/Content/EditorMaterials/MatineeGroups/MAT_Groups_Slomo.uasset" 368
"../../../Engine/Content/EditorMaterials/MatineeGroups/MAT_ColorTrack.uasset" 369
"../../../Engine/Content/EditorMaterials/MAT_Groups_Toggle.uasset" 370
"../../../Engine/Content/EditorMaterials/MatineeGroups/MAT_Groups_AudioMaster.uasset" 371
"../../../Engine/Content/EditorMaterials/MatineeGroups/MAT_Groups_Sound.uasset" 372
"../../../Engine/Content/EditorMaterials/MatineeGroups/MAT_Groups_Vector.uasset" 373
"../../../Engine/Content/EditorMaterials/MAT_Groups_Visibility.uasset" 374
"../../../Engine/Content/EngineResources/DefaultTexture.uasset" 375
"../../../Engine/Content/EngineResources/DefaultTextureCube.uasset" 376
"../../../Engine/Content/EngineSounds/Master.uasset" 377
"../../../Engine/Content/EngineSounds/Music.uasset" 378
"../../../Engine/Content/EngineSounds/SFX.uasset" 379
"../../../Engine/Content/EngineSounds/Normal_Attack.uasset" 380
"../../../Engine/Content/EngineSounds/Special_Attack_PSM.uasset" 381
"../../../Engine/Content/EngineSounds/Duck_Normal_Attack_MixMod.uasset" 382
"../../../Engine/Content/EngineSounds/Voice.uasset" 383
"../../../Engine/Content/EngineMeshes/Cylinder.uasset" 384
"../../../Engine/Content/EngineMaterials/DefaultMaterial.uasset" 385
"../../../Engine/Content/EngineTireTypes/DefaultTireType.uasset" 386
"../../../Engine/Content/Editor/Slate/Fonts/DroidSansMono.ttf" 387
"../../../Engine/Content/Editor/Slate/Fonts/Roboto-BoldCondensed.ttf" 388
"../../../Engine/Content/Editor/Slate/Fonts/Roboto-Black.ttf" 389
"../../../Engine/Content/Editor/Slate/Fonts/Roboto-BoldCondensedItalic.ttf" 390
"../../../Engine/Content/Editor/Slate/Fonts/Roboto-Italic.ttf" 391
"../../../Engine/Content/EngineFonts/Roboto.uasset" 392
"../../../Engine/Content/EngineMaterials/Widget3DPassThrough_Translucent.uasset" 393
"../../../Engine/Content/EngineMaterials/Widget3DPassThrough.uasset" 394
"../../../Engine/Content/EngineMaterials/Widget3DPassThrough_Translucent_OneSided.uasset" 395
"../../../Engine/Content/EngineMaterials/Widget3DPassThrough_Opaque.uasset" 396
"../../../Engine/Content/EngineMaterials/Widget3DPassThrough_Opaque_OneSided.uasset" 397
"../../../Engine/Plugins/2D/Paper2D/Content/MaskedUnlitSpriteMaterial.uasset" 398
"../../../Engine/Plugins/2D/Paper2D/Content/DefaultSpriteMaterial.uasset" 399
"../../../Engine/Plugins/2D/Paper2D/Content/DummySpriteTexture.uasset" 400
"../../../Engine/Plugins/2D/Paper2D/Content/OpaqueUnlitSpriteMaterial.uasset" 401
"../../../Engine/Plugins/2D/Paper2D/Content/DefaultPaperTerrainMaterial.uasset" 402
"../../../Engine/Plugins/2D/Paper2D/Content/DummySprite.uasset" 403
"../../../../../../Users/Sarah/GameProjects/GlowBug_Pregen/GlowBug/Content/Blueprints/MyCharacter.uasset" 404
"../../../../../../Users/Sarah/GameProjects/GlowBug_Pregen/GlowBug/Content/Animations/CharacterBP.uasset" 405
"../../../../../../Users/Sarah/GameProjects/GlowBug_Pregen/GlowBug/Content/Animations/CharacterBlendSpace1D.uasset" 406
"../../../../../../Users/Sarah/GameProjects/GlowBug_Pregen/GlowBug/Content/Animations/Char_Idle_Anim.uasset" 407
"../../../../../../Users/Sarah/GameProjects/GlowBug_Pregen/GlowBug/Content/Character/char_SM_Skeleton.uasset" 408
"../../../../../../Users/Sarah/GameProjects/GlowBug_Pregen/GlowBug/Content/Animations/Char_Run_Anim.uasset" 409
"../../../Engine/Content/EditorBlueprintResources/StandardMacros.uasset" 410
"../../../../../../Users/Sarah/GameProjects/GlowBug_Pregen/GlowBug/Content/Character/CharMAt.uasset" 411
"../../../../../../Users/Sarah/GameProjects/GlowBug_Pregen/GlowBug/Content/Character/char_SM.uasset" 412
"../../../../../../Users/Sarah/GameProjects/GlowBug_Pregen/GlowBug/Content/Character/char_SM_PhysicsAsset.uasset" 413
"C:/Users/Sarah/AppData/Local/UnrealEngine/4.6/Saved/Config/Windows/SourceControlSettings.ini" 414
"../../../../../../Users/Sarah/GameProjects/GlowBug_Pregen/GlowBug/Saved/Config/CleanSourceConfigs/SourceControlSettings.ini" 415
"C:/Users/Sarah/GameProjects/GlowBug_Pregen/GlowBug/Saved/Config/Windows/SourceControlSettings.ini" 416
"../../../Engine/Content/EngineMaterials/RemoveSurfaceMaterial.uasset" 417
"../../../Engine/Content/EngineDebugMaterials/DebugMeshMaterial.uasset" 418
"../../../Engine/Content/EngineMaterials/M_InvalidLightmapSettings.uasset" 419
"../../../Engine/Content/EngineMaterials/InvalidLightmapSettings.uasset" 420
"../../../Engine/Content/EditorMaterials/GizmoMaterial.uasset" 421
"../../../Engine/Content/EngineMaterials/Good64x64TilingNoiseHighFreq.uasset" 422
"../../../Engine/Content/EngineMaterials/DefaultBokeh.uasset" 423
"../../../Engine/Content/EngineMaterials/PreintegratedSkinBRDF.uasset" 424
"../../../Engine/Content/EngineMaterials/MiniFont.uasset" 425
"../../../Engine/Content/EngineMaterials/WeightMapPlaceholderTexture.uasset" 426
"../../../Engine/Content/EngineMaterials/DefaultWhiteGrid.uasset" 427
"../../../Engine/Content/EngineMaterials/DefaultPhysicalMaterial.uasset" 428
"../../../Engine/Content/EngineFonts/RobotoTiny.uasset" 429
"../../../../../../Users/Sarah/GameProjects/GlowBug_Pregen/GlowBug/Intermediate/CachedAssetRegistry.bin" 430
"../../../../../../Users/Sarah/GameProjects/GlowBug_Pregen/GlowBug/Content/Maps/Level.umap" 431
"../../../Engine/Content/MobileResources/HUD/VirtualJoystick_Thumb.uasset" 432
"../../../Engine/Content/MobileResources/HUD/VirtualJoystick_Background.uasset" 433
"../../../Engine/Content/MobileResources/HUD/T_Castle_ThumbstickOutter.uasset" 434
"../../../Engine/Content/MobileResources/HUD/T_Castle_ThumbstickInner.uasset" 435
"../../../Engine/Content/MobileResources/HUD/MobileHUDDirectionStick.uasset" 436
"../../../Engine/Content/MobileResources/HUD/MobileHUDDirectionPad3.uasset" 437
"../../../Engine/Content/MobileResources/HUD/MobileHUDDirectionPad2.uasset" 438
"../../../Engine/Content/MobileResources/HUD/MobileHUDDirectionPad.uasset" 439
"../../../Engine/Content/MobileResources/HUD/MobileHUDButtonFire.uasset" 440
"../../../Engine/Content/MobileResources/HUD/MobileHUDButton3.uasset" 441
"../../../Engine/Content/MobileResources/HUD/MobileHUDButton2_on.uasset" 442
"../../../Engine/Content/MobileResources/HUD/MobileHUDButton2_off.uasset" 443
"../../../Engine/Content/MobileResources/HUD/MobileHUDButton1_on.uasset" 444
"../../../Engine/Content/MobileResources/HUD/MobileHUDButton1_off.uasset" 445
"../../../Engine/Content/MobileResources/HUD/LeftVirtualJoystickOnly.uasset" 446
"../../../Engine/Content/MobileResources/HUD/DefaultVirtualJoysticks.uasset" 447
"../../../Engine/Content/MobileResources/HUD/AnalogHat.uasset" 448
"../../../Engine/Content/MobileResources/T_MobileMenu2.uasset" 449
"../../../Engine/Content/MobileResources/T_MobileControls_texture.uasset" 450
"../../../../../../Users/Sarah/GameProjects/GlowBug_Pregen/GlowBug/Content/Blueprints/GameMode_BP.uasset" 451
"../../../../../../Users/Sarah/GameProjects/GlowBug_Pregen/GlowBug/Content/Blueprints/MenuController_BP.uasset" 452
"../../../../../../Users/Sarah/GameProjects/GlowBug_Pregen/GlowBug/Content/Blueprints/GameOverWidget.uasset" 453
"../../../../../../Users/Sarah/GameProjects/GlowBug_Pregen/GlowBug/Content/Blueprints/BP_Grid.uasset" 454
"../../../../../../Users/Sarah/GameProjects/GlowBug_Pregen/GlowBug/Content/Blueprints/DefaultBlock_BP.uasset" 455
"../../../../../../Users/Sarah/GameProjects/GlowBug_Pregen/GlowBug/Content/Meshes/BasicTile.uasset" 456
"../../../../../../Users/Sarah/GameProjects/GlowBug_Pregen/GlowBug/Content/Meshes/BasicTileMat.uasset" 457
"../../../../../../Users/Sarah/GameProjects/GlowBug_Pregen/GlowBug/Content/Blueprints/ExitBlock_BP.uasset" 458
"../../../../../../Users/Sarah/GameProjects/GlowBug_Pregen/GlowBug/Content/Meshes/ExitTile.uasset" 459
"../../../../../../Users/Sarah/GameProjects/GlowBug_Pregen/GlowBug/Content/Meshes/ExitTileMat.uasset" 460
"../../../../../../Users/Sarah/GameProjects/GlowBug_Pregen/GlowBug/Content/Blueprints/GameWonWidget.uasset" 461
"C:/Users/Sarah/AppData/Local/UnrealEngine/Common/DerivedDataCache/3/4/1/STATICMESH_46A8778361B442A9523C54440EA1E9D_0DB5412B27AB480F844CC7F0BE5ABAFF_75__4385F8B82005FCC733907B1F78E032EA4251223D.udd" 462
"C:/Users/Sarah/AppData/Local/UnrealEngine/Common/DerivedDataCache/4/3/6/PHYSX_$7B1F0627AE$2DABEB$2D4206$2D8D78$2DE16BEB5DDC7E$7D_PHYSXPC_6C7541CE465E5__7A2F8E239B947F7123BC6B107625AC1661E9F211.udd" 463
"C:/Users/Sarah/AppData/Local/UnrealEngine/Common/DerivedDataCache/9/5/2/MATSM_E2C1E89EE9AE4F3CA7B8E0F2C49B34EB_PCD3D_SM5_2__BC5N_DEV_SL_NODBUF9DE239FE__62BCAE4A78C36C285958A1A9690954107E2D1A85.udd" 464
"C:/Users/Sarah/AppData/Local/UnrealEngine/Common/DerivedDataCache/8/2/0/MATSM_E2C1E89EE9AE4F3CA7B8E0F2C49B34EB_PCD3D_SM4_2__BC5N_DEV_SL_NODBUF9DE239FE__0BF4F6AB69D61D10E934DFDB7EA9134335EC4E73.udd" 465
"C:/Users/Sarah/AppData/Local/UnrealEngine/Common/DerivedDataCache/9/3/1/MATSM_E2C1E89EE9AE4F3CA7B8E0F2C49B34EB_PCD3D_SM5_2__BC5N_DEV_SL_NODBUF11771410__908C2141816B9016761E96B066801237CBAC02BF.udd" 466
"C:/Users/Sarah/AppData/Local/UnrealEngine/Common/DerivedDataCache/6/8/8/MATSM_E2C1E89EE9AE4F3CA7B8E0F2C49B34EB_PCD3D_SM4_2__BC5N_DEV_SL_NODBUF11771410__2B8E1A129A87EA47CED2BC1398E271C1105B8681.udd" 467
"C:/Users/Sarah/AppData/Local/UnrealEngine/Common/DerivedDataCache/0/8/9/PHYSX_$7B1F0627AE$2DABEB$2D4206$2D8D78$2DE16BEB5DDC7E$7D_PHYSXPC_E382295D40AC2__FCF72771A66127B5B3B6BC3EFCF6A799E1B8AA5A.udd" 468
"../../../Engine/Content/Maps/Entry.umap" 469
"../../../Engine/Content/EngineMaterials/DefaultNormal.uasset" 470
"../../../Engine/Content/EngineSky/BP_Sky_Sphere.uasset" 471
"../../../Engine/Content/EngineSky/C_Sky_Cloud_Color.uasset" 472
"../../../Engine/Content/EngineSky/C_Sky_Horizon_Color.uasset" 473
"../../../Engine/Content/EngineSky/C_Sky_Zenith_Color.uasset" 474
"../../../Engine/Content/EngineSky/M_Sky_Panning_Clouds2.uasset" 475
"../../../Engine/Content/EngineSky/T_Sky_Blue.uasset" 476
"../../../Engine/Content/EngineSky/T_Sky_Clouds_M.uasset" 477
"../../../Engine/Content/EngineSky/T_Sky_Stars.uasset" 478
"../../../Engine/Content/EngineSky/SM_SkySphere.uasset" 479
"../../../Engine/Content/MapTemplates/Bokeh_5Sides.uasset" 480
"../../../Engine/Content/MapTemplates/T_ScreenDirt02_w.uasset" 481
"C:/Users/Sarah/AppData/Local/UnrealEngine/Common/DerivedDataCache/6/7/1/TEXTURE_75F87CE100B546AAB8A1C4132AF9DB17_AUTODXT_14B7B8914C928A481AD54CA11E4BC__7A2605E1AFD6BD5FF045B7082574E26531A7911F.udd" 482
"C:/Users/Sarah/AppData/Local/UnrealEngine/Common/DerivedDataCache/3/2/4/TEXTURE_75F87CE100B546AAB8A1C4132AF9DB17_DXT1_068F2AD240BA11C69E86DA98080F0C2C__73148F8356760482B20A21F6AE574711B9E5F1FC.udd" 483
"C:/Users/Sarah/AppData/Local/UnrealEngine/Common/DerivedDataCache/4/7/1/TEXTURE_75F87CE100B546AAB8A1C4132AF9DB17_BGRA8_F5E7FCB342B52A071FC2409FC5A84FA__3F04F913133C6EFEB460B9750821BF8AFEF2A46A.udd" 484
"C:/Users/Sarah/AppData/Local/UnrealEngine/Common/DerivedDataCache/6/4/2/PHYSX_$7B1F0627AE$2DABEB$2D4206$2D8D78$2DE16BEB5DDC7E$7D_PHYSXPC_FF7CA10343D24464A7F9B19AFB626F8E__1_0_13073_0.udd" 485
"../../../Engine/Content/EditorResources/LightIcons/S_LightError.uasset" 486
"../../../../../../Users/Sarah/GameProjects/GlowBug_Pregen/GlowBug/Content/StarterContent/Audio/Light01.uasset" 487
"../../../../../../Users/Sarah/GameProjects/GlowBug_Pregen/GlowBug/Content/Meshes/BasicTileTex.uasset" 488
"C:/Users/Sarah/AppData/Local/UnrealEngine/Common/DerivedDataCache/2/6/7/TEXTURE_75F87CE100B546AAB8A1C4132AF9DB17_AUTODXT_653033A44DB74A245D9803BFEAD6A__D3ED2D27A6030162485A5382E39B221575BB57D7.udd" 489
"../../../../../../Users/Sarah/GameProjects/GlowBug_Pregen/GlowBug/Content/Character/glowbug_Skel.uasset" 490
"../../../../../../Users/Sarah/GameProjects/GlowBug_Pregen/GlowBug/Content/Character/char_M.uasset" 491
"../../../../../../Users/Sarah/GameProjects/GlowBug_Pregen/GlowBug/Content/Animations/Walk.uasset" 492
"../../../../../../Users/Sarah/GameProjects/GlowBug_Pregen/GlowBug/Content/Animations/Run.uasset" 493
"../../../../../../Users/Sarah/GameProjects/GlowBug_Pregen/GlowBug/Content/Animations/Jump_Start.uasset" 494
"../../../../../../Users/Sarah/GameProjects/GlowBug_Pregen/GlowBug/Content/Animations/Jump_Loop.uasset" 495
"../../../../../../Users/Sarah/GameProjects/GlowBug_Pregen/GlowBug/Content/Animations/Jump_End.uasset" 496
"../../../../../../Users/Sarah/GameProjects/GlowBug_Pregen/GlowBug/Content/Animations/Idle.uasset" 497
"../../../../../../Users/Sarah/GameProjects/GlowBug_Pregen/GlowBug/Content/BasicTileTex.uasset" 498
"../../../../../../Users/Sarah/GameProjects/GlowBug_Pregen/GlowBug/Content/BasicTile.uasset" 499
"../../../../../../Users/Sarah/GameProjects/GlowBug_Pregen/GlowBug/Content/01_-_Default.uasset" 500
"C:/Users/Sarah/AppData/Local/UnrealEngine/Common/DerivedDataCache/9/7/6/TEXTURE_75F87CE100B546AAB8A1C4132AF9DB17_AUTODXT_653033A44DB74A245D9803BFEAD6A__33BB75D182411A63E42B9B90D58F665487482257.udd" 501
"C:/Users/Sarah/AppData/Local/UnrealEngine/Common/DerivedDataCache/9/9/0/TEXTURE_75F87CE100B546AAB8A1C4132AF9DB17_AUTODXT_653033A44DB74A245D9803BFEAD6A__92A9C83D903414AD4F8392B99590FB6FDE8C05FE.udd" 502
"C:/Users/Sarah/AppData/Local/UnrealEngine/Common/DerivedDataCache/1/6/4/TEXTURE_75F87CE100B546AAB8A1C4132AF9DB17_AUTODXT_653033A44DB74A245D9803BFEAD6A__0E9609A02DBBE51755F2FE1A60B2C0429730F34B.udd" 503
"C:/Users/Sarah/AppData/Local/UnrealEngine/Common/DerivedDataCache/7/6/0/TEXTURE_75F87CE100B546AAB8A1C4132AF9DB17_AUTODXT_653033A44DB74A245D9803BFEAD6A__0F9C591F59B3215BFBDCB12EEC4C926D86BA8D89.udd" 504
